error: uncaughtException: listen EADDRINUSE: address already in use :::3002
Error: listen EADDRINUSE: address already in use :::3002
    at Server.setupListenHandle [as _listen2] (node:net:1940:16)
    at listenInCluster (node:net:1997:12)
    at Server.listen (node:net:2102:7)
    at Function.listen (/Users/myles/Lists/server/node_modules/express/lib/application.js:635:24)
    at emailRoutes (/Users/myles/Lists/server/src/index.ts:125:5)
    at Object.<anonymous> (/Users/myles/Lists/server/src/index.ts:128:2)
    at Module._compile (node:internal/modules/cjs/loader:1730:14)
    at Object.transformer (/Users/myles/Lists/server/node_modules/tsx/dist/register-D46fvsV_.cjs:3:1104)
    at Module.load (node:internal/modules/cjs/loader:1465:32)
    at Function._load (node:internal/modules/cjs/loader:1282:12) {"date":"Mon Sep 08 2025 18:32:28 GMT-0700 (Pacific Daylight Time)","environment":"development","error":{"address":"::","code":"EADDRINUSE","errno":-48,"port":3002,"syscall":"listen"},"exception":true,"os":{"loadavg":[1.95556640625,2.0087890625,2.06982421875],"uptime":2348252},"process":{"argv":["/usr/local/bin/node","/Users/myles/Lists/server/src/index.ts"],"cwd":"/Users/myles/Lists/server","execPath":"/usr/local/bin/node","gid":20,"memoryUsage":{"arrayBuffers":138755,"external":6077374,"heapTotal":59047936,"heapUsed":30413664,"rss":148848640},"pid":91195,"uid":501,"version":"v22.17.1"},"service":"network-crm-server","stack":"Error: listen EADDRINUSE: address already in use :::3002\n    at Server.setupListenHandle [as _listen2] (node:net:1940:16)\n    at listenInCluster (node:net:1997:12)\n    at Server.listen (node:net:2102:7)\n    at Function.listen (/Users/myles/Lists/server/node_modules/express/lib/application.js:635:24)\n    at emailRoutes (/Users/myles/Lists/server/src/index.ts:125:5)\n    at Object.<anonymous> (/Users/myles/Lists/server/src/index.ts:128:2)\n    at Module._compile (node:internal/modules/cjs/loader:1730:14)\n    at Object.transformer (/Users/myles/Lists/server/node_modules/tsx/dist/register-D46fvsV_.cjs:3:1104)\n    at Module.load (node:internal/modules/cjs/loader:1465:32)\n    at Function._load (node:internal/modules/cjs/loader:1282:12)","timestamp":"2025-09-09T01:32:28.075Z","trace":[{"column":16,"file":"node:net","function":"Server.setupListenHandle [as _listen2]","line":1940,"method":"setupListenHandle [as _listen2]","native":false},{"column":12,"file":"node:net","function":"listenInCluster","line":1997,"method":null,"native":false},{"column":7,"file":"node:net","function":"Server.listen","line":2102,"method":"listen","native":false},{"column":24,"file":"/Users/myles/Lists/server/node_modules/express/lib/application.js","function":"Function.listen","line":635,"method":"listen","native":false},{"column":5,"file":"/Users/myles/Lists/server/src/index.ts","function":"emailRoutes","line":125,"method":null,"native":false},{"column":2,"file":"/Users/myles/Lists/server/src/index.ts","function":null,"line":128,"method":null,"native":false},{"column":14,"file":"node:internal/modules/cjs/loader","function":"Module._compile","line":1730,"method":"_compile","native":false},{"column":1104,"file":"/Users/myles/Lists/server/node_modules/tsx/dist/register-D46fvsV_.cjs","function":"Object.transformer","line":3,"method":"transformer","native":false},{"column":32,"file":"node:internal/modules/cjs/loader","function":"Module.load","line":1465,"method":"load","native":false},{"column":12,"file":"node:internal/modules/cjs/loader","function":"Function._load","line":1282,"method":"_load","native":false}]}
error: uncaughtException: listen EADDRINUSE: address already in use :::3002
Error: listen EADDRINUSE: address already in use :::3002
    at Server.setupListenHandle [as _listen2] (node:net:1940:16)
    at listenInCluster (node:net:1997:12)
    at Server.listen (node:net:2102:7)
    at Function.listen (/Users/myles/Lists/server/node_modules/express/lib/application.js:635:24)
    at emailRoutes (/Users/myles/Lists/server/src/index.ts:127:5)
    at Object.<anonymous> (/Users/myles/Lists/server/src/index.ts:130:2)
    at Module._compile (node:internal/modules/cjs/loader:1730:14)
    at Object.transformer (/Users/myles/Lists/server/node_modules/tsx/dist/register-D46fvsV_.cjs:3:1104)
    at Module.load (node:internal/modules/cjs/loader:1465:32)
    at Function._load (node:internal/modules/cjs/loader:1282:12) {"date":"Mon Sep 08 2025 18:32:51 GMT-0700 (Pacific Daylight Time)","environment":"development","error":{"address":"::","code":"EADDRINUSE","errno":-48,"port":3002,"syscall":"listen"},"exception":true,"os":{"loadavg":[2.3779296875,2.10302734375,2.10205078125],"uptime":2348275},"process":{"argv":["/usr/local/bin/node","/Users/myles/Lists/server/src/index.ts"],"cwd":"/Users/myles/Lists/server","execPath":"/usr/local/bin/node","gid":20,"memoryUsage":{"arrayBuffers":136089,"external":6074716,"heapTotal":58523648,"heapUsed":30452088,"rss":156139520},"pid":91363,"uid":501,"version":"v22.17.1"},"service":"network-crm-server","stack":"Error: listen EADDRINUSE: address already in use :::3002\n    at Server.setupListenHandle [as _listen2] (node:net:1940:16)\n    at listenInCluster (node:net:1997:12)\n    at Server.listen (node:net:2102:7)\n    at Function.listen (/Users/myles/Lists/server/node_modules/express/lib/application.js:635:24)\n    at emailRoutes (/Users/myles/Lists/server/src/index.ts:127:5)\n    at Object.<anonymous> (/Users/myles/Lists/server/src/index.ts:130:2)\n    at Module._compile (node:internal/modules/cjs/loader:1730:14)\n    at Object.transformer (/Users/myles/Lists/server/node_modules/tsx/dist/register-D46fvsV_.cjs:3:1104)\n    at Module.load (node:internal/modules/cjs/loader:1465:32)\n    at Function._load (node:internal/modules/cjs/loader:1282:12)","timestamp":"2025-09-09T01:32:51.791Z","trace":[{"column":16,"file":"node:net","function":"Server.setupListenHandle [as _listen2]","line":1940,"method":"setupListenHandle [as _listen2]","native":false},{"column":12,"file":"node:net","function":"listenInCluster","line":1997,"method":null,"native":false},{"column":7,"file":"node:net","function":"Server.listen","line":2102,"method":"listen","native":false},{"column":24,"file":"/Users/myles/Lists/server/node_modules/express/lib/application.js","function":"Function.listen","line":635,"method":"listen","native":false},{"column":5,"file":"/Users/myles/Lists/server/src/index.ts","function":"emailRoutes","line":127,"method":null,"native":false},{"column":2,"file":"/Users/myles/Lists/server/src/index.ts","function":null,"line":130,"method":null,"native":false},{"column":14,"file":"node:internal/modules/cjs/loader","function":"Module._compile","line":1730,"method":"_compile","native":false},{"column":1104,"file":"/Users/myles/Lists/server/node_modules/tsx/dist/register-D46fvsV_.cjs","function":"Object.transformer","line":3,"method":"transformer","native":false},{"column":32,"file":"node:internal/modules/cjs/loader","function":"Module.load","line":1465,"method":"load","native":false},{"column":12,"file":"node:internal/modules/cjs/loader","function":"Function._load","line":1282,"method":"_load","native":false}]}
error: uncaughtException: listen EADDRINUSE: address already in use :::3002
Error: listen EADDRINUSE: address already in use :::3002
    at Server.setupListenHandle [as _listen2] (node:net:1940:16)
    at listenInCluster (node:net:1997:12)
    at Server.listen (node:net:2102:7)
    at Function.listen (/Users/myles/Lists/server/node_modules/express/lib/application.js:635:24)
    at emailRoutes (/Users/myles/Lists/server/src/index.ts:130:5)
    at Object.<anonymous> (/Users/myles/Lists/server/src/index.ts:133:2)
    at Module._compile (node:internal/modules/cjs/loader:1730:14)
    at Object.transformer (/Users/myles/Lists/server/node_modules/tsx/dist/register-D46fvsV_.cjs:3:1104)
    at Module.load (node:internal/modules/cjs/loader:1465:32)
    at Function._load (node:internal/modules/cjs/loader:1282:12) {"date":"Mon Sep 08 2025 18:32:58 GMT-0700 (Pacific Daylight Time)","environment":"development","error":{"address":"::","code":"EADDRINUSE","errno":-48,"port":3002,"syscall":"listen"},"exception":true,"os":{"loadavg":[2.34765625,2.10107421875,2.10107421875],"uptime":2348282},"process":{"argv":["/usr/local/bin/node","/Users/myles/Lists/server/src/index.ts"],"cwd":"/Users/myles/Lists/server","execPath":"/usr/local/bin/node","gid":20,"memoryUsage":{"arrayBuffers":395019,"external":6333638,"heapTotal":59310080,"heapUsed":31966616,"rss":159399936},"pid":91444,"uid":501,"version":"v22.17.1"},"service":"network-crm-server","stack":"Error: listen EADDRINUSE: address already in use :::3002\n    at Server.setupListenHandle [as _listen2] (node:net:1940:16)\n    at listenInCluster (node:net:1997:12)\n    at Server.listen (node:net:2102:7)\n    at Function.listen (/Users/myles/Lists/server/node_modules/express/lib/application.js:635:24)\n    at emailRoutes (/Users/myles/Lists/server/src/index.ts:130:5)\n    at Object.<anonymous> (/Users/myles/Lists/server/src/index.ts:133:2)\n    at Module._compile (node:internal/modules/cjs/loader:1730:14)\n    at Object.transformer (/Users/myles/Lists/server/node_modules/tsx/dist/register-D46fvsV_.cjs:3:1104)\n    at Module.load (node:internal/modules/cjs/loader:1465:32)\n    at Function._load (node:internal/modules/cjs/loader:1282:12)","timestamp":"2025-09-09T01:32:58.118Z","trace":[{"column":16,"file":"node:net","function":"Server.setupListenHandle [as _listen2]","line":1940,"method":"setupListenHandle [as _listen2]","native":false},{"column":12,"file":"node:net","function":"listenInCluster","line":1997,"method":null,"native":false},{"column":7,"file":"node:net","function":"Server.listen","line":2102,"method":"listen","native":false},{"column":24,"file":"/Users/myles/Lists/server/node_modules/express/lib/application.js","function":"Function.listen","line":635,"method":"listen","native":false},{"column":5,"file":"/Users/myles/Lists/server/src/index.ts","function":"emailRoutes","line":130,"method":null,"native":false},{"column":2,"file":"/Users/myles/Lists/server/src/index.ts","function":null,"line":133,"method":null,"native":false},{"column":14,"file":"node:internal/modules/cjs/loader","function":"Module._compile","line":1730,"method":"_compile","native":false},{"column":1104,"file":"/Users/myles/Lists/server/node_modules/tsx/dist/register-D46fvsV_.cjs","function":"Object.transformer","line":3,"method":"transformer","native":false},{"column":32,"file":"node:internal/modules/cjs/loader","function":"Module.load","line":1465,"method":"load","native":false},{"column":12,"file":"node:internal/modules/cjs/loader","function":"Function._load","line":1282,"method":"_load","native":false}]}
error: uncaughtException: PrismaClient is not defined
ReferenceError: PrismaClient is not defined
    at logger (/Users/myles/Lists/server/src/index.ts:42:16)
    at Object.<anonymous> (/Users/myles/Lists/server/src/index.ts:200:18)
    at Module._compile (node:internal/modules/cjs/loader:1730:14)
    at Object.transformer (/Users/myles/Lists/server/node_modules/tsx/dist/register-D46fvsV_.cjs:3:1104)
    at Module.load (node:internal/modules/cjs/loader:1465:32)
    at Function._load (node:internal/modules/cjs/loader:1282:12)
    at TracingChannel.traceSync (node:diagnostics_channel:322:14)
    at wrapModuleLoad (node:internal/modules/cjs/loader:235:24)
    at cjsLoader (node:internal/modules/esm/translators:266:5)
    at ModuleWrap.<anonymous> (node:internal/modules/esm/translators:200:7) {"date":"Mon Sep 08 2025 20:23:41 GMT-0700 (Pacific Daylight Time)","environment":"development","error":{},"exception":true,"os":{"loadavg":[3.6962890625,4.15625,3.49609375],"uptime":2354925},"process":{"argv":["/usr/local/bin/node","/Users/myles/Lists/server/src/index.ts"],"cwd":"/Users/myles/Lists/server","execPath":"/usr/local/bin/node","gid":20,"memoryUsage":{"arrayBuffers":201143,"external":6121326,"heapTotal":60915712,"heapUsed":34761680,"rss":151797760},"pid":20015,"uid":501,"version":"v22.17.1"},"service":"network-crm-server","stack":"ReferenceError: PrismaClient is not defined\n    at logger (/Users/myles/Lists/server/src/index.ts:42:16)\n    at Object.<anonymous> (/Users/myles/Lists/server/src/index.ts:200:18)\n    at Module._compile (node:internal/modules/cjs/loader:1730:14)\n    at Object.transformer (/Users/myles/Lists/server/node_modules/tsx/dist/register-D46fvsV_.cjs:3:1104)\n    at Module.load (node:internal/modules/cjs/loader:1465:32)\n    at Function._load (node:internal/modules/cjs/loader:1282:12)\n    at TracingChannel.traceSync (node:diagnostics_channel:322:14)\n    at wrapModuleLoad (node:internal/modules/cjs/loader:235:24)\n    at cjsLoader (node:internal/modules/esm/translators:266:5)\n    at ModuleWrap.<anonymous> (node:internal/modules/esm/translators:200:7)","timestamp":"2025-09-09T03:23:41.721Z","trace":[{"column":16,"file":"/Users/myles/Lists/server/src/index.ts","function":"logger","line":42,"method":null,"native":false},{"column":18,"file":"/Users/myles/Lists/server/src/index.ts","function":null,"line":200,"method":null,"native":false},{"column":14,"file":"node:internal/modules/cjs/loader","function":"Module._compile","line":1730,"method":"_compile","native":false},{"column":1104,"file":"/Users/myles/Lists/server/node_modules/tsx/dist/register-D46fvsV_.cjs","function":"Object.transformer","line":3,"method":"transformer","native":false},{"column":32,"file":"node:internal/modules/cjs/loader","function":"Module.load","line":1465,"method":"load","native":false},{"column":12,"file":"node:internal/modules/cjs/loader","function":"Function._load","line":1282,"method":"_load","native":false},{"column":14,"file":"node:diagnostics_channel","function":"TracingChannel.traceSync","line":322,"method":"traceSync","native":false},{"column":24,"file":"node:internal/modules/cjs/loader","function":"wrapModuleLoad","line":235,"method":null,"native":false},{"column":5,"file":"node:internal/modules/esm/translators","function":"cjsLoader","line":266,"method":null,"native":false},{"column":7,"file":"node:internal/modules/esm/translators","function":null,"line":200,"method":null,"native":false}]}
error: uncaughtException: PrismaClient is not defined
ReferenceError: PrismaClient is not defined
    at logger (/Users/myles/Lists/server/src/index.ts:42:16)
    at Object.<anonymous> (/Users/myles/Lists/server/src/index.ts:200:18)
    at Module._compile (node:internal/modules/cjs/loader:1730:14)
    at Object.transformer (/Users/myles/Lists/server/node_modules/tsx/dist/register-D46fvsV_.cjs:3:1104)
    at Module.load (node:internal/modules/cjs/loader:1465:32)
    at Function._load (node:internal/modules/cjs/loader:1282:12)
    at TracingChannel.traceSync (node:diagnostics_channel:322:14)
    at wrapModuleLoad (node:internal/modules/cjs/loader:235:24)
    at cjsLoader (node:internal/modules/esm/translators:266:5)
    at ModuleWrap.<anonymous> (node:internal/modules/esm/translators:200:7) {"date":"Mon Sep 08 2025 20:23:41 GMT-0700 (Pacific Daylight Time)","environment":"development","error":{},"exception":true,"os":{"loadavg":[3.6962890625,4.15625,3.49609375],"uptime":2354925},"process":{"argv":["/usr/local/bin/node","/Users/myles/Lists/server/src/index.ts"],"cwd":"/Users/myles/Lists/server","execPath":"/usr/local/bin/node","gid":20,"memoryUsage":{"arrayBuffers":153380,"external":6073563,"heapTotal":61440000,"heapUsed":34121864,"rss":152502272},"pid":20016,"uid":501,"version":"v22.17.1"},"service":"network-crm-server","stack":"ReferenceError: PrismaClient is not defined\n    at logger (/Users/myles/Lists/server/src/index.ts:42:16)\n    at Object.<anonymous> (/Users/myles/Lists/server/src/index.ts:200:18)\n    at Module._compile (node:internal/modules/cjs/loader:1730:14)\n    at Object.transformer (/Users/myles/Lists/server/node_modules/tsx/dist/register-D46fvsV_.cjs:3:1104)\n    at Module.load (node:internal/modules/cjs/loader:1465:32)\n    at Function._load (node:internal/modules/cjs/loader:1282:12)\n    at TracingChannel.traceSync (node:diagnostics_channel:322:14)\n    at wrapModuleLoad (node:internal/modules/cjs/loader:235:24)\n    at cjsLoader (node:internal/modules/esm/translators:266:5)\n    at ModuleWrap.<anonymous> (node:internal/modules/esm/translators:200:7)","timestamp":"2025-09-09T03:23:41.721Z","trace":[{"column":16,"file":"/Users/myles/Lists/server/src/index.ts","function":"logger","line":42,"method":null,"native":false},{"column":18,"file":"/Users/myles/Lists/server/src/index.ts","function":null,"line":200,"method":null,"native":false},{"column":14,"file":"node:internal/modules/cjs/loader","function":"Module._compile","line":1730,"method":"_compile","native":false},{"column":1104,"file":"/Users/myles/Lists/server/node_modules/tsx/dist/register-D46fvsV_.cjs","function":"Object.transformer","line":3,"method":"transformer","native":false},{"column":32,"file":"node:internal/modules/cjs/loader","function":"Module.load","line":1465,"method":"load","native":false},{"column":12,"file":"node:internal/modules/cjs/loader","function":"Function._load","line":1282,"method":"_load","native":false},{"column":14,"file":"node:diagnostics_channel","function":"TracingChannel.traceSync","line":322,"method":"traceSync","native":false},{"column":24,"file":"node:internal/modules/cjs/loader","function":"wrapModuleLoad","line":235,"method":null,"native":false},{"column":5,"file":"node:internal/modules/esm/translators","function":"cjsLoader","line":266,"method":null,"native":false},{"column":7,"file":"node:internal/modules/esm/translators","function":null,"line":200,"method":null,"native":false}]}
error: uncaughtException: Cannot find module '../utils/prisma'
Require stack:
- /Users/myles/Lists/server/src/index.ts
Error: Cannot find module '../utils/prisma'
Require stack:
- /Users/myles/Lists/server/src/index.ts
    at node:internal/modules/cjs/loader:1401:15
    at nextResolveSimple (/Users/myles/Lists/server/node_modules/tsx/dist/register-D46fvsV_.cjs:4:1004)
    at /Users/myles/Lists/server/node_modules/tsx/dist/register-D46fvsV_.cjs:3:2630
    at /Users/myles/Lists/server/node_modules/tsx/dist/register-D46fvsV_.cjs:3:1542
    at resolveTsPaths (/Users/myles/Lists/server/node_modules/tsx/dist/register-D46fvsV_.cjs:4:760)
    at /Users/myles/Lists/server/node_modules/tsx/dist/register-D46fvsV_.cjs:4:1102
    at m._resolveFilename (file:///Users/myles/Lists/server/node_modules/tsx/dist/register-B7jrtLTO.mjs:1:789)
    at defaultResolveImpl (node:internal/modules/cjs/loader:1057:19)
    at resolveForCJSWithHooks (node:internal/modules/cjs/loader:1062:22)
    at Function._load (node:internal/modules/cjs/loader:1211:37) {"date":"Mon Sep 08 2025 20:24:11 GMT-0700 (Pacific Daylight Time)","environment":"development","error":{"code":"MODULE_NOT_FOUND","requireStack":["/Users/myles/Lists/server/src/index.ts"]},"exception":true,"os":{"loadavg":[3.15625,3.97998046875,3.455078125],"uptime":2354955},"process":{"argv":["/usr/local/bin/node","/Users/myles/Lists/server/src/index.ts"],"cwd":"/Users/myles/Lists/server","execPath":"/usr/local/bin/node","gid":20,"memoryUsage":{"arrayBuffers":974561,"external":6034065,"heapTotal":59867136,"heapUsed":40204568,"rss":139067392},"pid":20369,"uid":501,"version":"v22.17.1"},"service":"network-crm-server","stack":"Error: Cannot find module '../utils/prisma'\nRequire stack:\n- /Users/myles/Lists/server/src/index.ts\n    at node:internal/modules/cjs/loader:1401:15\n    at nextResolveSimple (/Users/myles/Lists/server/node_modules/tsx/dist/register-D46fvsV_.cjs:4:1004)\n    at /Users/myles/Lists/server/node_modules/tsx/dist/register-D46fvsV_.cjs:3:2630\n    at /Users/myles/Lists/server/node_modules/tsx/dist/register-D46fvsV_.cjs:3:1542\n    at resolveTsPaths (/Users/myles/Lists/server/node_modules/tsx/dist/register-D46fvsV_.cjs:4:760)\n    at /Users/myles/Lists/server/node_modules/tsx/dist/register-D46fvsV_.cjs:4:1102\n    at m._resolveFilename (file:///Users/myles/Lists/server/node_modules/tsx/dist/register-B7jrtLTO.mjs:1:789)\n    at defaultResolveImpl (node:internal/modules/cjs/loader:1057:19)\n    at resolveForCJSWithHooks (node:internal/modules/cjs/loader:1062:22)\n    at Function._load (node:internal/modules/cjs/loader:1211:37)","timestamp":"2025-09-09T03:24:11.025Z","trace":[{"column":15,"file":"node:internal/modules/cjs/loader","function":null,"line":1401,"method":null,"native":false},{"column":1004,"file":"/Users/myles/Lists/server/node_modules/tsx/dist/register-D46fvsV_.cjs","function":"nextResolveSimple","line":4,"method":null,"native":false},{"column":2630,"file":"/Users/myles/Lists/server/node_modules/tsx/dist/register-D46fvsV_.cjs","function":null,"line":3,"method":null,"native":false},{"column":1542,"file":"/Users/myles/Lists/server/node_modules/tsx/dist/register-D46fvsV_.cjs","function":null,"line":3,"method":null,"native":false},{"column":760,"file":"/Users/myles/Lists/server/node_modules/tsx/dist/register-D46fvsV_.cjs","function":"resolveTsPaths","line":4,"method":null,"native":false},{"column":1102,"file":"/Users/myles/Lists/server/node_modules/tsx/dist/register-D46fvsV_.cjs","function":null,"line":4,"method":null,"native":false},{"column":789,"file":"file:///Users/myles/Lists/server/node_modules/tsx/dist/register-B7jrtLTO.mjs","function":"m._resolveFilename","line":1,"method":"_resolveFilename","native":false},{"column":19,"file":"node:internal/modules/cjs/loader","function":"defaultResolveImpl","line":1057,"method":null,"native":false},{"column":22,"file":"node:internal/modules/cjs/loader","function":"resolveForCJSWithHooks","line":1062,"method":null,"native":false},{"column":37,"file":"node:internal/modules/cjs/loader","function":"Function._load","line":1211,"method":"_load","native":false}]}
error: uncaughtException: Cannot find module '../utils/prisma'
Require stack:
- /Users/myles/Lists/server/src/index.ts
Error: Cannot find module '../utils/prisma'
Require stack:
- /Users/myles/Lists/server/src/index.ts
    at node:internal/modules/cjs/loader:1401:15
    at nextResolveSimple (/Users/myles/Lists/server/node_modules/tsx/dist/register-D46fvsV_.cjs:4:1004)
    at /Users/myles/Lists/server/node_modules/tsx/dist/register-D46fvsV_.cjs:3:2630
    at /Users/myles/Lists/server/node_modules/tsx/dist/register-D46fvsV_.cjs:3:1542
    at resolveTsPaths (/Users/myles/Lists/server/node_modules/tsx/dist/register-D46fvsV_.cjs:4:760)
    at /Users/myles/Lists/server/node_modules/tsx/dist/register-D46fvsV_.cjs:4:1102
    at m._resolveFilename (file:///Users/myles/Lists/server/node_modules/tsx/dist/register-B7jrtLTO.mjs:1:789)
    at defaultResolveImpl (node:internal/modules/cjs/loader:1057:19)
    at resolveForCJSWithHooks (node:internal/modules/cjs/loader:1062:22)
    at Function._load (node:internal/modules/cjs/loader:1211:37) {"date":"Mon Sep 08 2025 20:24:11 GMT-0700 (Pacific Daylight Time)","environment":"development","error":{"code":"MODULE_NOT_FOUND","requireStack":["/Users/myles/Lists/server/src/index.ts"]},"exception":true,"os":{"loadavg":[3.15625,3.97998046875,3.455078125],"uptime":2354955},"process":{"argv":["/usr/local/bin/node","/Users/myles/Lists/server/src/index.ts"],"cwd":"/Users/myles/Lists/server","execPath":"/usr/local/bin/node","gid":20,"memoryUsage":{"arrayBuffers":974569,"external":6034065,"heapTotal":59867136,"heapUsed":40190160,"rss":137609216},"pid":20368,"uid":501,"version":"v22.17.1"},"service":"network-crm-server","stack":"Error: Cannot find module '../utils/prisma'\nRequire stack:\n- /Users/myles/Lists/server/src/index.ts\n    at node:internal/modules/cjs/loader:1401:15\n    at nextResolveSimple (/Users/myles/Lists/server/node_modules/tsx/dist/register-D46fvsV_.cjs:4:1004)\n    at /Users/myles/Lists/server/node_modules/tsx/dist/register-D46fvsV_.cjs:3:2630\n    at /Users/myles/Lists/server/node_modules/tsx/dist/register-D46fvsV_.cjs:3:1542\n    at resolveTsPaths (/Users/myles/Lists/server/node_modules/tsx/dist/register-D46fvsV_.cjs:4:760)\n    at /Users/myles/Lists/server/node_modules/tsx/dist/register-D46fvsV_.cjs:4:1102\n    at m._resolveFilename (file:///Users/myles/Lists/server/node_modules/tsx/dist/register-B7jrtLTO.mjs:1:789)\n    at defaultResolveImpl (node:internal/modules/cjs/loader:1057:19)\n    at resolveForCJSWithHooks (node:internal/modules/cjs/loader:1062:22)\n    at Function._load (node:internal/modules/cjs/loader:1211:37)","timestamp":"2025-09-09T03:24:11.025Z","trace":[{"column":15,"file":"node:internal/modules/cjs/loader","function":null,"line":1401,"method":null,"native":false},{"column":1004,"file":"/Users/myles/Lists/server/node_modules/tsx/dist/register-D46fvsV_.cjs","function":"nextResolveSimple","line":4,"method":null,"native":false},{"column":2630,"file":"/Users/myles/Lists/server/node_modules/tsx/dist/register-D46fvsV_.cjs","function":null,"line":3,"method":null,"native":false},{"column":1542,"file":"/Users/myles/Lists/server/node_modules/tsx/dist/register-D46fvsV_.cjs","function":null,"line":3,"method":null,"native":false},{"column":760,"file":"/Users/myles/Lists/server/node_modules/tsx/dist/register-D46fvsV_.cjs","function":"resolveTsPaths","line":4,"method":null,"native":false},{"column":1102,"file":"/Users/myles/Lists/server/node_modules/tsx/dist/register-D46fvsV_.cjs","function":null,"line":4,"method":null,"native":false},{"column":789,"file":"file:///Users/myles/Lists/server/node_modules/tsx/dist/register-B7jrtLTO.mjs","function":"m._resolveFilename","line":1,"method":"_resolveFilename","native":false},{"column":19,"file":"node:internal/modules/cjs/loader","function":"defaultResolveImpl","line":1057,"method":null,"native":false},{"column":22,"file":"node:internal/modules/cjs/loader","function":"resolveForCJSWithHooks","line":1062,"method":null,"native":false},{"column":37,"file":"node:internal/modules/cjs/loader","function":"Function._load","line":1211,"method":"_load","native":false}]}
error: uncaughtException: PrismaClient is not defined
ReferenceError: PrismaClient is not defined
    at createPrismaClient (/Users/myles/Lists/server/src/utils/prisma.ts:10:3)
    at <anonymous> (/Users/myles/Lists/server/src/utils/prisma.ts:17:39)
    at Object.<anonymous> (/Users/myles/Lists/server/src/utils/prisma.ts:24:16)
    at Module._compile (node:internal/modules/cjs/loader:1730:14)
    at Object.transformer (/Users/myles/Lists/server/node_modules/tsx/dist/register-D46fvsV_.cjs:3:1104)
    at Module.load (node:internal/modules/cjs/loader:1465:32)
    at Function._load (node:internal/modules/cjs/loader:1282:12)
    at TracingChannel.traceSync (node:diagnostics_channel:322:14)
    at wrapModuleLoad (node:internal/modules/cjs/loader:235:24)
    at Module.require (node:internal/modules/cjs/loader:1487:12) {"date":"Mon Sep 08 2025 20:24:23 GMT-0700 (Pacific Daylight Time)","environment":"development","error":{},"exception":true,"os":{"loadavg":[2.82421875,3.88134765625,3.42578125],"uptime":2354967},"process":{"argv":["/usr/local/bin/node","/Users/myles/Lists/server/src/index.ts"],"cwd":"/Users/myles/Lists/server","execPath":"/usr/local/bin/node","gid":20,"memoryUsage":{"arrayBuffers":189120,"external":2912382,"heapTotal":32604160,"heapUsed":16344584,"rss":114278400},"pid":20660,"uid":501,"version":"v22.17.1"},"service":"network-crm-server","stack":"ReferenceError: PrismaClient is not defined\n    at createPrismaClient (/Users/myles/Lists/server/src/utils/prisma.ts:10:3)\n    at <anonymous> (/Users/myles/Lists/server/src/utils/prisma.ts:17:39)\n    at Object.<anonymous> (/Users/myles/Lists/server/src/utils/prisma.ts:24:16)\n    at Module._compile (node:internal/modules/cjs/loader:1730:14)\n    at Object.transformer (/Users/myles/Lists/server/node_modules/tsx/dist/register-D46fvsV_.cjs:3:1104)\n    at Module.load (node:internal/modules/cjs/loader:1465:32)\n    at Function._load (node:internal/modules/cjs/loader:1282:12)\n    at TracingChannel.traceSync (node:diagnostics_channel:322:14)\n    at wrapModuleLoad (node:internal/modules/cjs/loader:235:24)\n    at Module.require (node:internal/modules/cjs/loader:1487:12)","timestamp":"2025-09-09T03:24:23.339Z","trace":[{"column":3,"file":"/Users/myles/Lists/server/src/utils/prisma.ts","function":"createPrismaClient","line":10,"method":null,"native":false},{"column":39,"file":"/Users/myles/Lists/server/src/utils/prisma.ts","function":"<anonymous>","line":17,"method":null,"native":false},{"column":16,"file":"/Users/myles/Lists/server/src/utils/prisma.ts","function":null,"line":24,"method":null,"native":false},{"column":14,"file":"node:internal/modules/cjs/loader","function":"Module._compile","line":1730,"method":"_compile","native":false},{"column":1104,"file":"/Users/myles/Lists/server/node_modules/tsx/dist/register-D46fvsV_.cjs","function":"Object.transformer","line":3,"method":"transformer","native":false},{"column":32,"file":"node:internal/modules/cjs/loader","function":"Module.load","line":1465,"method":"load","native":false},{"column":12,"file":"node:internal/modules/cjs/loader","function":"Function._load","line":1282,"method":"_load","native":false},{"column":14,"file":"node:diagnostics_channel","function":"TracingChannel.traceSync","line":322,"method":"traceSync","native":false},{"column":24,"file":"node:internal/modules/cjs/loader","function":"wrapModuleLoad","line":235,"method":null,"native":false},{"column":12,"file":"node:internal/modules/cjs/loader","function":"Module.require","line":1487,"method":"require","native":false}]}
error: uncaughtException: PrismaClient is not defined
ReferenceError: PrismaClient is not defined
    at createPrismaClient (/Users/myles/Lists/server/src/utils/prisma.ts:10:3)
    at <anonymous> (/Users/myles/Lists/server/src/utils/prisma.ts:17:39)
    at Object.<anonymous> (/Users/myles/Lists/server/src/utils/prisma.ts:24:16)
    at Module._compile (node:internal/modules/cjs/loader:1730:14)
    at Object.transformer (/Users/myles/Lists/server/node_modules/tsx/dist/register-D46fvsV_.cjs:3:1104)
    at Module.load (node:internal/modules/cjs/loader:1465:32)
    at Function._load (node:internal/modules/cjs/loader:1282:12)
    at TracingChannel.traceSync (node:diagnostics_channel:322:14)
    at wrapModuleLoad (node:internal/modules/cjs/loader:235:24)
    at Module.require (node:internal/modules/cjs/loader:1487:12) {"date":"Mon Sep 08 2025 20:24:23 GMT-0700 (Pacific Daylight Time)","environment":"development","error":{},"exception":true,"os":{"loadavg":[2.82421875,3.88134765625,3.42578125],"uptime":2354967},"process":{"argv":["/usr/local/bin/node","/Users/myles/Lists/server/src/index.ts"],"cwd":"/Users/myles/Lists/server","execPath":"/usr/local/bin/node","gid":20,"memoryUsage":{"arrayBuffers":233175,"external":2956437,"heapTotal":31293440,"heapUsed":19214880,"rss":115867648},"pid":20659,"uid":501,"version":"v22.17.1"},"service":"network-crm-server","stack":"ReferenceError: PrismaClient is not defined\n    at createPrismaClient (/Users/myles/Lists/server/src/utils/prisma.ts:10:3)\n    at <anonymous> (/Users/myles/Lists/server/src/utils/prisma.ts:17:39)\n    at Object.<anonymous> (/Users/myles/Lists/server/src/utils/prisma.ts:24:16)\n    at Module._compile (node:internal/modules/cjs/loader:1730:14)\n    at Object.transformer (/Users/myles/Lists/server/node_modules/tsx/dist/register-D46fvsV_.cjs:3:1104)\n    at Module.load (node:internal/modules/cjs/loader:1465:32)\n    at Function._load (node:internal/modules/cjs/loader:1282:12)\n    at TracingChannel.traceSync (node:diagnostics_channel:322:14)\n    at wrapModuleLoad (node:internal/modules/cjs/loader:235:24)\n    at Module.require (node:internal/modules/cjs/loader:1487:12)","timestamp":"2025-09-09T03:24:23.339Z","trace":[{"column":3,"file":"/Users/myles/Lists/server/src/utils/prisma.ts","function":"createPrismaClient","line":10,"method":null,"native":false},{"column":39,"file":"/Users/myles/Lists/server/src/utils/prisma.ts","function":"<anonymous>","line":17,"method":null,"native":false},{"column":16,"file":"/Users/myles/Lists/server/src/utils/prisma.ts","function":null,"line":24,"method":null,"native":false},{"column":14,"file":"node:internal/modules/cjs/loader","function":"Module._compile","line":1730,"method":"_compile","native":false},{"column":1104,"file":"/Users/myles/Lists/server/node_modules/tsx/dist/register-D46fvsV_.cjs","function":"Object.transformer","line":3,"method":"transformer","native":false},{"column":32,"file":"node:internal/modules/cjs/loader","function":"Module.load","line":1465,"method":"load","native":false},{"column":12,"file":"node:internal/modules/cjs/loader","function":"Function._load","line":1282,"method":"_load","native":false},{"column":14,"file":"node:diagnostics_channel","function":"TracingChannel.traceSync","line":322,"method":"traceSync","native":false},{"column":24,"file":"node:internal/modules/cjs/loader","function":"wrapModuleLoad","line":235,"method":null,"native":false},{"column":12,"file":"node:internal/modules/cjs/loader","function":"Module.require","line":1487,"method":"require","native":false}]}
error: uncaughtException: Cannot find module '../utils/prisma'
Require stack:
- /Users/myles/Lists/server/src/index.ts
Error: Cannot find module '../utils/prisma'
Require stack:
- /Users/myles/Lists/server/src/index.ts
    at node:internal/modules/cjs/loader:1401:15
    at nextResolveSimple (/Users/myles/Lists/server/node_modules/tsx/dist/register-D46fvsV_.cjs:4:1004)
    at /Users/myles/Lists/server/node_modules/tsx/dist/register-D46fvsV_.cjs:3:2630
    at /Users/myles/Lists/server/node_modules/tsx/dist/register-D46fvsV_.cjs:3:1542
    at resolveTsPaths (/Users/myles/Lists/server/node_modules/tsx/dist/register-D46fvsV_.cjs:4:760)
    at /Users/myles/Lists/server/node_modules/tsx/dist/register-D46fvsV_.cjs:4:1102
    at m._resolveFilename (file:///Users/myles/Lists/server/node_modules/tsx/dist/register-B7jrtLTO.mjs:1:789)
    at defaultResolveImpl (node:internal/modules/cjs/loader:1057:19)
    at resolveForCJSWithHooks (node:internal/modules/cjs/loader:1062:22)
    at Function._load (node:internal/modules/cjs/loader:1211:37) {"date":"Mon Sep 08 2025 20:24:35 GMT-0700 (Pacific Daylight Time)","environment":"development","error":{"code":"MODULE_NOT_FOUND","requireStack":["/Users/myles/Lists/server/src/index.ts"]},"exception":true,"os":{"loadavg":[2.751953125,3.8193359375,3.4111328125],"uptime":2354979},"process":{"argv":["/usr/local/bin/node","/Users/myles/Lists/server/src/index.ts"],"cwd":"/Users/myles/Lists/server","execPath":"/usr/local/bin/node","gid":20,"memoryUsage":{"arrayBuffers":941234,"external":6000754,"heapTotal":59867136,"heapUsed":40258344,"rss":150552576},"pid":20885,"uid":501,"version":"v22.17.1"},"service":"network-crm-server","stack":"Error: Cannot find module '../utils/prisma'\nRequire stack:\n- /Users/myles/Lists/server/src/index.ts\n    at node:internal/modules/cjs/loader:1401:15\n    at nextResolveSimple (/Users/myles/Lists/server/node_modules/tsx/dist/register-D46fvsV_.cjs:4:1004)\n    at /Users/myles/Lists/server/node_modules/tsx/dist/register-D46fvsV_.cjs:3:2630\n    at /Users/myles/Lists/server/node_modules/tsx/dist/register-D46fvsV_.cjs:3:1542\n    at resolveTsPaths (/Users/myles/Lists/server/node_modules/tsx/dist/register-D46fvsV_.cjs:4:760)\n    at /Users/myles/Lists/server/node_modules/tsx/dist/register-D46fvsV_.cjs:4:1102\n    at m._resolveFilename (file:///Users/myles/Lists/server/node_modules/tsx/dist/register-B7jrtLTO.mjs:1:789)\n    at defaultResolveImpl (node:internal/modules/cjs/loader:1057:19)\n    at resolveForCJSWithHooks (node:internal/modules/cjs/loader:1062:22)\n    at Function._load (node:internal/modules/cjs/loader:1211:37)","timestamp":"2025-09-09T03:24:35.348Z","trace":[{"column":15,"file":"node:internal/modules/cjs/loader","function":null,"line":1401,"method":null,"native":false},{"column":1004,"file":"/Users/myles/Lists/server/node_modules/tsx/dist/register-D46fvsV_.cjs","function":"nextResolveSimple","line":4,"method":null,"native":false},{"column":2630,"file":"/Users/myles/Lists/server/node_modules/tsx/dist/register-D46fvsV_.cjs","function":null,"line":3,"method":null,"native":false},{"column":1542,"file":"/Users/myles/Lists/server/node_modules/tsx/dist/register-D46fvsV_.cjs","function":null,"line":3,"method":null,"native":false},{"column":760,"file":"/Users/myles/Lists/server/node_modules/tsx/dist/register-D46fvsV_.cjs","function":"resolveTsPaths","line":4,"method":null,"native":false},{"column":1102,"file":"/Users/myles/Lists/server/node_modules/tsx/dist/register-D46fvsV_.cjs","function":null,"line":4,"method":null,"native":false},{"column":789,"file":"file:///Users/myles/Lists/server/node_modules/tsx/dist/register-B7jrtLTO.mjs","function":"m._resolveFilename","line":1,"method":"_resolveFilename","native":false},{"column":19,"file":"node:internal/modules/cjs/loader","function":"defaultResolveImpl","line":1057,"method":null,"native":false},{"column":22,"file":"node:internal/modules/cjs/loader","function":"resolveForCJSWithHooks","line":1062,"method":null,"native":false},{"column":37,"file":"node:internal/modules/cjs/loader","function":"Function._load","line":1211,"method":"_load","native":false}]}
error: uncaughtException: Cannot find module '../utils/prisma'
Require stack:
- /Users/myles/Lists/server/src/index.ts
Error: Cannot find module '../utils/prisma'
Require stack:
- /Users/myles/Lists/server/src/index.ts
    at node:internal/modules/cjs/loader:1401:15
    at nextResolveSimple (/Users/myles/Lists/server/node_modules/tsx/dist/register-D46fvsV_.cjs:4:1004)
    at /Users/myles/Lists/server/node_modules/tsx/dist/register-D46fvsV_.cjs:3:2630
    at /Users/myles/Lists/server/node_modules/tsx/dist/register-D46fvsV_.cjs:3:1542
    at resolveTsPaths (/Users/myles/Lists/server/node_modules/tsx/dist/register-D46fvsV_.cjs:4:760)
    at /Users/myles/Lists/server/node_modules/tsx/dist/register-D46fvsV_.cjs:4:1102
    at m._resolveFilename (file:///Users/myles/Lists/server/node_modules/tsx/dist/register-B7jrtLTO.mjs:1:789)
    at defaultResolveImpl (node:internal/modules/cjs/loader:1057:19)
    at resolveForCJSWithHooks (node:internal/modules/cjs/loader:1062:22)
    at Function._load (node:internal/modules/cjs/loader:1211:37) {"date":"Mon Sep 08 2025 20:24:35 GMT-0700 (Pacific Daylight Time)","environment":"development","error":{"code":"MODULE_NOT_FOUND","requireStack":["/Users/myles/Lists/server/src/index.ts"]},"exception":true,"os":{"loadavg":[2.751953125,3.8193359375,3.4111328125],"uptime":2354979},"process":{"argv":["/usr/local/bin/node","/Users/myles/Lists/server/src/index.ts"],"cwd":"/Users/myles/Lists/server","execPath":"/usr/local/bin/node","gid":20,"memoryUsage":{"arrayBuffers":941242,"external":6000754,"heapTotal":59867136,"heapUsed":40309176,"rss":148586496},"pid":20884,"uid":501,"version":"v22.17.1"},"service":"network-crm-server","stack":"Error: Cannot find module '../utils/prisma'\nRequire stack:\n- /Users/myles/Lists/server/src/index.ts\n    at node:internal/modules/cjs/loader:1401:15\n    at nextResolveSimple (/Users/myles/Lists/server/node_modules/tsx/dist/register-D46fvsV_.cjs:4:1004)\n    at /Users/myles/Lists/server/node_modules/tsx/dist/register-D46fvsV_.cjs:3:2630\n    at /Users/myles/Lists/server/node_modules/tsx/dist/register-D46fvsV_.cjs:3:1542\n    at resolveTsPaths (/Users/myles/Lists/server/node_modules/tsx/dist/register-D46fvsV_.cjs:4:760)\n    at /Users/myles/Lists/server/node_modules/tsx/dist/register-D46fvsV_.cjs:4:1102\n    at m._resolveFilename (file:///Users/myles/Lists/server/node_modules/tsx/dist/register-B7jrtLTO.mjs:1:789)\n    at defaultResolveImpl (node:internal/modules/cjs/loader:1057:19)\n    at resolveForCJSWithHooks (node:internal/modules/cjs/loader:1062:22)\n    at Function._load (node:internal/modules/cjs/loader:1211:37)","timestamp":"2025-09-09T03:24:35.348Z","trace":[{"column":15,"file":"node:internal/modules/cjs/loader","function":null,"line":1401,"method":null,"native":false},{"column":1004,"file":"/Users/myles/Lists/server/node_modules/tsx/dist/register-D46fvsV_.cjs","function":"nextResolveSimple","line":4,"method":null,"native":false},{"column":2630,"file":"/Users/myles/Lists/server/node_modules/tsx/dist/register-D46fvsV_.cjs","function":null,"line":3,"method":null,"native":false},{"column":1542,"file":"/Users/myles/Lists/server/node_modules/tsx/dist/register-D46fvsV_.cjs","function":null,"line":3,"method":null,"native":false},{"column":760,"file":"/Users/myles/Lists/server/node_modules/tsx/dist/register-D46fvsV_.cjs","function":"resolveTsPaths","line":4,"method":null,"native":false},{"column":1102,"file":"/Users/myles/Lists/server/node_modules/tsx/dist/register-D46fvsV_.cjs","function":null,"line":4,"method":null,"native":false},{"column":789,"file":"file:///Users/myles/Lists/server/node_modules/tsx/dist/register-B7jrtLTO.mjs","function":"m._resolveFilename","line":1,"method":"_resolveFilename","native":false},{"column":19,"file":"node:internal/modules/cjs/loader","function":"defaultResolveImpl","line":1057,"method":null,"native":false},{"column":22,"file":"node:internal/modules/cjs/loader","function":"resolveForCJSWithHooks","line":1062,"method":null,"native":false},{"column":37,"file":"node:internal/modules/cjs/loader","function":"Function._load","line":1211,"method":"_load","native":false}]}
